{
  "stats": {
    "suites": 1,
    "tests": 2,
    "passes": 2,
    "pending": 0,
    "failures": 0,
    "start": "2021-08-04T18:16:29.635Z",
    "end": "2021-08-04T18:16:29.690Z",
    "duration": 55,
    "testsRegistered": 2,
    "passPercent": 100,
    "pendingPercent": 0,
    "other": 0,
    "hasOther": false,
    "skipped": 0,
    "hasSkipped": false
  },
  "results": [
    {
      "uuid": "793c8c80-d42f-495f-8b13-bc2e2a4cdcab",
      "title": "",
      "fullFile": "cypress/integration/com.techproed/test.js",
      "file": "cypress/integration/com.techproed/test.js",
      "beforeHooks": [],
      "afterHooks": [],
      "tests": [],
      "suites": [
        {
          "uuid": "90a3b38e-f2c3-4d4d-901e-51694f1c2380",
          "title": "",
          "fullFile": "",
          "file": "",
          "beforeHooks": [],
          "afterHooks": [],
          "tests": [
            {
              "title": "test 1",
              "fullTitle": " test 1",
              "timedOut": null,
              "duration": 17,
              "state": "passed",
              "speed": "fast",
              "pass": true,
              "fail": false,
              "pending": false,
              "context": null,
              "code": "",
              "err": {},
              "uuid": "f130a26e-5ca3-41b0-8976-d47bc1e5eaa0",
              "parentUUID": "90a3b38e-f2c3-4d4d-901e-51694f1c2380",
              "isHook": false,
              "skipped": false
            },
            {
              "title": "test 2",
              "fullTitle": " test 2",
              "timedOut": null,
              "duration": 15,
              "state": "passed",
              "speed": "fast",
              "pass": true,
              "fail": false,
              "pending": false,
              "context": null,
              "code": "",
              "err": {},
              "uuid": "abe482dd-ed70-4111-8a30-ec3cf583c337",
              "parentUUID": "90a3b38e-f2c3-4d4d-901e-51694f1c2380",
              "isHook": false,
              "skipped": false
            }
          ],
          "suites": [],
          "passes": [
            "f130a26e-5ca3-41b0-8976-d47bc1e5eaa0",
            "abe482dd-ed70-4111-8a30-ec3cf583c337"
          ],
          "failures": [],
          "pending": [],
          "skipped": [],
          "duration": 32,
          "root": false,
          "rootEmpty": false,
          "_timeout": 2000
        }
      ],
      "passes": [],
      "failures": [],
      "pending": [],
      "skipped": [],
      "duration": 0,
      "root": true,
      "rootEmpty": true,
      "_timeout": 2000
    }
  ],
  "meta": {
    "mocha": {
      "version": "7.0.1"
    },
    "mochawesome": {
      "options": {
        "quiet": false,
        "reportFilename": "report",
        "saveHtml": true,
        "saveJson": true,
        "consoleReporter": "spec",
        "useInlineDiffs": false,
        "code": true
      },
      "version": "6.2.2"
    },
    "marge": {
      "options": {
        "reportDir": "cypress/reports",
        "reportFilename": "report",
        "overwrite": false,
        "html": true,
        "json": true,
        "charts": true
      },
      "version": "5.2.0"
    }
  }
}