{
  "stats": {
    "suites": 1,
    "tests": 3,
    "passes": 3,
    "pending": 0,
    "failures": 0,
    "start": "2021-08-05T19:14:34.669Z",
    "end": "2021-08-05T19:14:45.840Z",
    "duration": 11171,
    "testsRegistered": 3,
    "passPercent": 100,
    "pendingPercent": 0,
    "other": 0,
    "hasOther": false,
    "skipped": 0,
    "hasSkipped": false
  },
  "results": [
    {
      "uuid": "fe38f904-8d15-4a37-97a4-3d0407c98c41",
      "title": "",
      "fullFile": "cypress/integration/com.techproed/day06_01_viewport.js",
      "file": "cypress/integration/com.techproed/day06_01_viewport.js",
      "beforeHooks": [],
      "afterHooks": [],
      "tests": [],
      "suites": [
        {
          "uuid": "fc14ac6a-1ae0-4be7-b10a-4b7810e65ac6",
          "title": "view ports",
          "fullFile": "",
          "file": "",
          "beforeHooks": [],
          "afterHooks": [],
          "tests": [
            {
              "title": "iphone8",
              "fullTitle": "view ports iphone8",
              "timedOut": null,
              "duration": 3217,
              "state": "passed",
              "speed": "slow",
              "pass": true,
              "fail": false,
              "pending": false,
              "context": null,
              "code": "cy.visit(\"https://www.amazon.com/\");\ncy.viewport(\"iphone-8\");\ncy.screenshot;",
              "err": {},
              "uuid": "a7d452e8-80da-4506-adf7-5fb51e39de4b",
              "parentUUID": "fc14ac6a-1ae0-4be7-b10a-4b7810e65ac6",
              "isHook": false,
              "skipped": false
            },
            {
              "title": "imac",
              "fullTitle": "view ports imac",
              "timedOut": null,
              "duration": 2450,
              "state": "passed",
              "speed": "slow",
              "pass": true,
              "fail": false,
              "pending": false,
              "context": null,
              "code": "cy.visit(\"https://www.amazon.com/\");\ncy.viewport(\"macbook-16\");\ncy.screenshot;",
              "err": {},
              "uuid": "9cfad053-7f6b-44dd-90b1-36a2c8783b59",
              "parentUUID": "fc14ac6a-1ae0-4be7-b10a-4b7810e65ac6",
              "isHook": false,
              "skipped": false
            },
            {
              "title": "custom",
              "fullTitle": "view ports custom",
              "timedOut": null,
              "duration": 2100,
              "state": "passed",
              "speed": "slow",
              "pass": true,
              "fail": false,
              "pending": false,
              "context": null,
              "code": "cy.visit(\"https://www.amazon.com/\");\ncy.viewport(2500, 1500);\ncy.screenshot;",
              "err": {},
              "uuid": "c99c5231-db57-4d39-822e-ab7dba4491ca",
              "parentUUID": "fc14ac6a-1ae0-4be7-b10a-4b7810e65ac6",
              "isHook": false,
              "skipped": false
            }
          ],
          "suites": [],
          "passes": [
            "a7d452e8-80da-4506-adf7-5fb51e39de4b",
            "9cfad053-7f6b-44dd-90b1-36a2c8783b59",
            "c99c5231-db57-4d39-822e-ab7dba4491ca"
          ],
          "failures": [],
          "pending": [],
          "skipped": [],
          "duration": 7767,
          "root": false,
          "rootEmpty": false,
          "_timeout": 2000
        }
      ],
      "passes": [],
      "failures": [],
      "pending": [],
      "skipped": [],
      "duration": 0,
      "root": true,
      "rootEmpty": true,
      "_timeout": 2000
    }
  ],
  "meta": {
    "mocha": {
      "version": "7.0.1"
    },
    "mochawesome": {
      "options": {
        "quiet": false,
        "reportFilename": "report",
        "saveHtml": true,
        "saveJson": true,
        "consoleReporter": "spec",
        "useInlineDiffs": false,
        "code": true
      },
      "version": "6.2.2"
    },
    "marge": {
      "options": {
        "reportDir": "cypress/reports",
        "reportFilename": "report",
        "overwrite": false,
        "html": true,
        "json": true,
        "charts": true
      },
      "version": "5.2.0"
    }
  }
}