{
  "stats": {
    "suites": 1,
    "tests": 1,
    "passes": 1,
    "pending": 1,
    "failures": -1,
    "start": "2021-08-04T18:12:30.362Z",
    "end": "2021-08-04T18:12:46.753Z",
    "duration": 16391,
    "testsRegistered": 2,
    "passPercent": 100,
    "pendingPercent": 50,
    "other": 1,
    "hasOther": true,
    "skipped": 1,
    "hasSkipped": true
  },
  "results": [
    {
      "uuid": "ba69dfe1-f139-4825-afdb-2f32d9f01e7b",
      "title": "",
      "fullFile": "cypress/integration/com.techproed/day02_02_navigation.js",
      "file": "cypress/integration/com.techproed/day02_02_navigation.js",
      "beforeHooks": [],
      "afterHooks": [],
      "tests": [],
      "suites": [
        {
          "uuid": "f76057a5-d3c1-4a10-94a8-61432faf97ce",
          "title": "Navigation",
          "fullFile": "",
          "file": "",
          "beforeHooks": [],
          "afterHooks": [],
          "tests": [
            {
              "title": "back, forward,refresh",
              "fullTitle": "Navigation back, forward,refresh",
              "timedOut": null,
              "duration": 0,
              "state": "pending",
              "speed": null,
              "pass": false,
              "fail": false,
              "pending": true,
              "context": null,
              "code": "",
              "err": {},
              "uuid": "5f4b2373-f4e8-4458-ace9-557552c5236e",
              "parentUUID": "f76057a5-d3c1-4a10-94a8-61432faf97ce",
              "isHook": false,
              "skipped": false
            },
            {
              "title": "chain navigation",
              "fullTitle": "Navigation chain navigation",
              "timedOut": null,
              "duration": 14327,
              "state": "passed",
              "speed": "slow",
              "pass": true,
              "fail": false,
              "pending": false,
              "context": null,
              "code": "//2.test zincirleme navigasyon\ncy.visit(\"https://qa-environment.koalaresorthotels.com/\");\ncy.contains(\"Log in\").click().go(\"back\").go(\"forward\").go(\"back\");\ncy.pause(); //testi durdurur browser da acilan sayfada play tusu aktif olur\ncy.reload(true).contains(\"Log in\").should(\"be.visible\"); //reload(true) :tekrar yukle ------reload(false) :tekrar yukleme",
              "err": {},
              "uuid": "bc5cdfc9-3998-42a0-baad-419a29cf968a",
              "parentUUID": "f76057a5-d3c1-4a10-94a8-61432faf97ce",
              "isHook": false,
              "skipped": false
            }
          ],
          "suites": [],
          "passes": [
            "bc5cdfc9-3998-42a0-baad-419a29cf968a"
          ],
          "failures": [],
          "pending": [
            "5f4b2373-f4e8-4458-ace9-557552c5236e"
          ],
          "skipped": [],
          "duration": 14327,
          "root": false,
          "rootEmpty": false,
          "_timeout": 2000
        }
      ],
      "passes": [],
      "failures": [],
      "pending": [],
      "skipped": [],
      "duration": 0,
      "root": true,
      "rootEmpty": true,
      "_timeout": 2000
    }
  ],
  "meta": {
    "mocha": {
      "version": "7.0.1"
    },
    "mochawesome": {
      "options": {
        "quiet": false,
        "reportFilename": "report",
        "saveHtml": true,
        "saveJson": true,
        "consoleReporter": "spec",
        "useInlineDiffs": false,
        "code": true
      },
      "version": "6.2.2"
    },
    "marge": {
      "options": {
        "reportDir": "cypress/reports",
        "reportFilename": "report",
        "overwrite": false,
        "html": true,
        "json": true,
        "charts": true
      },
      "version": "5.2.0"
    }
  }
}