{
  "stats": {
    "suites": 1,
    "tests": 1,
    "passes": 0,
    "pending": 0,
    "failures": 1,
    "start": "2021-08-05T19:23:10.612Z",
    "end": "2021-08-05T19:24:01.615Z",
    "duration": 51003,
    "testsRegistered": 1,
    "passPercent": 0,
    "pendingPercent": 0,
    "other": 0,
    "hasOther": false,
    "skipped": 0,
    "hasSkipped": false
  },
  "results": [
    {
      "uuid": "67d4834c-e459-4f7f-a393-e877d5e1d100",
      "title": "",
      "fullFile": "cypress/integration/smoke-test/day07_01_paylinnBank.js",
      "file": "cypress/integration/smoke-test/day07_01_paylinnBank.js",
      "beforeHooks": [],
      "afterHooks": [],
      "tests": [],
      "suites": [
        {
          "uuid": "96c053d0-c398-4c00-87cd-419380a4714c",
          "title": "Paylinn Bank",
          "fullFile": "",
          "file": "",
          "beforeHooks": [],
          "afterHooks": [],
          "tests": [
            {
              "title": "paylinn login test",
              "fullTitle": "Paylinn Bank paylinn login test",
              "timedOut": null,
              "duration": 16133,
              "state": "failed",
              "speed": null,
              "pass": false,
              "fail": true,
              "pending": false,
              "context": null,
              "code": "//* Url e git\ncy.visit(\"https://www.paylinn.com/\"); //*Sign In e click\ncy.contains(\"Sign In\").click(); //cy.get('[href=\"/login\"] > .header__option > .header__lineTwo')  Sign In locator\n//*username gir\ncy.get(\":nth-child(1) > .MuiFormControl-root > .MuiInputBase-root > .MuiInputBase-input\").type(\"User\"); //*password gir\ncy.get(\":nth-child(2) > .MuiFormControl-root > .MuiInputBase-root > .MuiInputBase-input\").type(\"user\"); //*submit e tikla\ncy.get(\".MuiButton-label\").click(); //*giris yapildigini onayla\ncy.get(\".header__nav > :nth-child(1) > .header__lineOne\").should(\"contain.text\", \"Welme\");",
              "err": {
                "message": "AssertionError: Timed out retrying after 4000ms: expected '<span.header__lineOne>' to contain text 'Welme', but the text was 'Welcome'",
                "estack": "AssertionError: Timed out retrying after 4000ms: expected '<span.header__lineOne>' to contain text 'Welme', but the text was 'Welcome'\n    at Context.eval (https://www.paylinn.com/__cypress/tests?p=cypress\\integration\\smoke-test\\day07_01_paylinnBank.js:113:63)",
                "diff": "- 'Welcome'\n+ 'Welme'\n"
              },
              "uuid": "c6f10782-0589-441b-83a5-767222fa79fa",
              "parentUUID": "96c053d0-c398-4c00-87cd-419380a4714c",
              "isHook": false,
              "skipped": false
            }
          ],
          "suites": [],
          "passes": [],
          "failures": [
            "c6f10782-0589-441b-83a5-767222fa79fa"
          ],
          "pending": [],
          "skipped": [],
          "duration": 16133,
          "root": false,
          "rootEmpty": false,
          "_timeout": 2000
        }
      ],
      "passes": [],
      "failures": [],
      "pending": [],
      "skipped": [],
      "duration": 0,
      "root": true,
      "rootEmpty": true,
      "_timeout": 2000
    }
  ],
  "meta": {
    "mocha": {
      "version": "7.0.1"
    },
    "mochawesome": {
      "options": {
        "quiet": false,
        "reportFilename": "report",
        "saveHtml": true,
        "saveJson": true,
        "consoleReporter": "spec",
        "useInlineDiffs": false,
        "code": true
      },
      "version": "6.2.2"
    },
    "marge": {
      "options": {
        "reportDir": "cypress/reports",
        "reportFilename": "report",
        "overwrite": false,
        "html": true,
        "json": true,
        "charts": true
      },
      "version": "5.2.0"
    }
  }
}