{
  "stats": {
    "suites": 1,
    "tests": 1,
    "passes": 1,
    "pending": 0,
    "failures": 0,
    "start": "2021-08-05T19:10:31.828Z",
    "end": "2021-08-05T19:10:53.561Z",
    "duration": 21733,
    "testsRegistered": 1,
    "passPercent": 100,
    "pendingPercent": 0,
    "other": 0,
    "hasOther": false,
    "skipped": 0,
    "hasSkipped": false
  },
  "results": [
    {
      "uuid": "8439f912-5cdd-4b70-b5c9-feb0eab9d206",
      "title": "",
      "fullFile": "cypress/integration/com.techproed/day01_02_loginTest.js",
      "file": "cypress/integration/com.techproed/day01_02_loginTest.js",
      "beforeHooks": [],
      "afterHooks": [],
      "tests": [],
      "suites": [
        {
          "uuid": "ca586fe9-3061-4cdb-8d80-abd7db4a3836",
          "title": "Koala Resort Hotel",
          "fullFile": "",
          "file": "",
          "beforeHooks": [],
          "afterHooks": [],
          "tests": [
            {
              "title": "Test 1",
              "fullTitle": "Koala Resort Hotel Test 1",
              "timedOut": null,
              "duration": 18572,
              "state": "passed",
              "speed": "slow",
              "pass": true,
              "fail": false,
              "pending": false,
              "context": null,
              "code": "cy.visit(\"https://qa-environment.koalaresorthotels.com/\"); //describe: fonksiyonu tanimlar\n//visit (): seleniumdaki get() methodu gibi adrese gider\n//* login\n//1.yol\n//cy.get('#navLogon > .nav-link').click();\n//2.yol\ncy.contains(\"Log in\").click(); //contains () : metni text olarak buluyor\n//username :Manager\ncy.get(\"#UserName\").type(\"Manager\"); //selenium da; driver.findElement(By.cssSelector(\"#UserName\"))\n//password :Manager1!\ncy.get(\"#Password\").type(\"Manager1!\");\ncy.get(\"#btnSubmit\").click();",
              "err": {},
              "uuid": "bfe3b09f-e51a-46c4-bbdf-5d0a3ef821c8",
              "parentUUID": "ca586fe9-3061-4cdb-8d80-abd7db4a3836",
              "isHook": false,
              "skipped": false
            }
          ],
          "suites": [],
          "passes": [
            "bfe3b09f-e51a-46c4-bbdf-5d0a3ef821c8"
          ],
          "failures": [],
          "pending": [],
          "skipped": [],
          "duration": 18572,
          "root": false,
          "rootEmpty": false,
          "_timeout": 2000
        }
      ],
      "passes": [],
      "failures": [],
      "pending": [],
      "skipped": [],
      "duration": 0,
      "root": true,
      "rootEmpty": true,
      "_timeout": 2000
    }
  ],
  "meta": {
    "mocha": {
      "version": "7.0.1"
    },
    "mochawesome": {
      "options": {
        "quiet": false,
        "reportFilename": "report",
        "saveHtml": true,
        "saveJson": true,
        "consoleReporter": "spec",
        "useInlineDiffs": false,
        "code": true
      },
      "version": "6.2.2"
    },
    "marge": {
      "options": {
        "reportDir": "cypress/reports",
        "reportFilename": "report",
        "overwrite": false,
        "html": true,
        "json": true,
        "charts": true
      },
      "version": "5.2.0"
    }
  }
}