{
  "stats": {
    "suites": 1,
    "tests": 1,
    "passes": 1,
    "pending": 0,
    "failures": 0,
    "start": "2021-08-05T19:14:47.473Z",
    "end": "2021-08-05T19:14:58.394Z",
    "duration": 10921,
    "testsRegistered": 1,
    "passPercent": 100,
    "pendingPercent": 0,
    "other": 0,
    "hasOther": false,
    "skipped": 0,
    "hasSkipped": false
  },
  "results": [
    {
      "uuid": "d2bfbe6b-80a6-4bdf-b091-d679c17e75fd",
      "title": "",
      "fullFile": "cypress/integration/com.techproed/day06_02_hooks.js",
      "file": "cypress/integration/com.techproed/day06_02_hooks.js",
      "beforeHooks": [],
      "afterHooks": [],
      "tests": [],
      "suites": [
        {
          "uuid": "c062a49a-6838-4212-838b-c551322c486d",
          "title": "hooks",
          "fullFile": "",
          "file": "",
          "beforeHooks": [],
          "afterHooks": [],
          "tests": [
            {
              "title": "test 1",
              "fullTitle": "hooks test 1",
              "timedOut": null,
              "duration": 8121,
              "state": "passed",
              "speed": "slow",
              "pass": true,
              "fail": false,
              "pending": false,
              "context": null,
              "code": "cy.contains(\"Log in\").click();",
              "err": {},
              "uuid": "40d08414-0b6e-4106-bb04-1bf5896d4122",
              "parentUUID": "c062a49a-6838-4212-838b-c551322c486d",
              "isHook": false,
              "skipped": false
            }
          ],
          "suites": [],
          "passes": [
            "40d08414-0b6e-4106-bb04-1bf5896d4122"
          ],
          "failures": [],
          "pending": [],
          "skipped": [],
          "duration": 8121,
          "root": false,
          "rootEmpty": false,
          "_timeout": 2000
        }
      ],
      "passes": [],
      "failures": [],
      "pending": [],
      "skipped": [],
      "duration": 0,
      "root": true,
      "rootEmpty": true,
      "_timeout": 2000
    }
  ],
  "meta": {
    "mocha": {
      "version": "7.0.1"
    },
    "mochawesome": {
      "options": {
        "quiet": false,
        "reportFilename": "report",
        "saveHtml": true,
        "saveJson": true,
        "consoleReporter": "spec",
        "useInlineDiffs": false,
        "code": true
      },
      "version": "6.2.2"
    },
    "marge": {
      "options": {
        "reportDir": "cypress/reports",
        "reportFilename": "report",
        "overwrite": false,
        "html": true,
        "json": true,
        "charts": true
      },
      "version": "5.2.0"
    }
  }
}