{
  "stats": {
    "suites": 1,
    "tests": 1,
    "passes": 0,
    "pending": 0,
    "failures": 1,
    "start": "2021-08-04T18:13:05.639Z",
    "end": "2021-08-04T18:14:06.737Z",
    "duration": 61098,
    "testsRegistered": 1,
    "passPercent": 0,
    "pendingPercent": 0,
    "other": 0,
    "hasOther": false,
    "skipped": 0,
    "hasSkipped": false
  },
  "results": [
    {
      "uuid": "66038493-1350-4db4-9a17-d445347b98ee",
      "title": "",
      "fullFile": "cypress/integration/com.techproed/day03_01_hoverover.js",
      "file": "cypress/integration/com.techproed/day03_01_hoverover.js",
      "beforeHooks": [],
      "afterHooks": [],
      "tests": [],
      "suites": [
        {
          "uuid": "7f7c8f08-14cf-4f97-9fac-9b744ef0ddac",
          "title": "hover over",
          "fullFile": "",
          "file": "",
          "beforeHooks": [],
          "afterHooks": [],
          "tests": [
            {
              "title": "move over",
              "fullTitle": "hover over move over",
              "timedOut": null,
              "duration": 58764,
              "state": "failed",
              "speed": null,
              "pass": false,
              "fail": true,
              "pending": false,
              "context": null,
              "code": "cy.visit(\"https://www.amazon.com/\");\ncy.get(\".icp-nav-link-inner > .nav-line-2 > .nav-icon\").trigger(\"mouseover\"); //bayraktaki ok kismina basilir\n//*trigger : mouse i hareket ettirir- once get() sonra trigger() click e gerek kalmiyor\n//*mouseover : yazilan locatore dogru mouse i hareket ettir demektir\n//change country/region\ncy.contains(\"Change country/region\").click(); //select Canada\n//cy.get('.a-dropdown-prompt').select('Canada')\n/*\n\n    <span class=\"a-dropdown-prompt\">United States</span>\n    yukaridaki locater bu tag icerinde geciyor.\n    Ancak cy.select() kodu kullanirken locaterlarin <span></span>\n    icerinde olmamasi lazim.\n    */\ncy.get(\"#icp-selected-country\").select(\"Canada\", {\n  force: true\n});\ncy.wait(6000); //dropdown elementleri acmak icin kullaniyoruz",
              "err": {
                "message": "CypressError: Timed out retrying after 4050ms: `cy.click()` failed because this element is not visible:\n\n`<a href=\"/gp/navigation-country/select-country/ref=icp_lop_mop_chg_ais?ie=UTF8&amp;preferencesReturnUrl=%2F\" class=\"nav-link                                    nav-item\" id=\"icp-flyout-mkt-change\">...</a>`\n\nThis element `<a#icp-flyout-mkt-change.nav-link.nav-item>` is not visible because its parent `<div#nav-flyout-icp.nav-coreFlyout.nav-flyout>` has CSS property: `display: none`\n\nFix this problem, or use `{force: true}` to disable error checking.\n\nhttps://on.cypress.io/element-cannot-be-interacted-with",
                "estack": "CypressError: Timed out retrying after 4050ms: `cy.click()` failed because this element is not visible:\n\n`<a href=\"/gp/navigation-country/select-country/ref=icp_lop_mop_chg_ais?ie=UTF8&amp;preferencesReturnUrl=%2F\" class=\"nav-link                                    nav-item\" id=\"icp-flyout-mkt-change\">...</a>`\n\nThis element `<a#icp-flyout-mkt-change.nav-link.nav-item>` is not visible because its parent `<div#nav-flyout-icp.nav-coreFlyout.nav-flyout>` has CSS property: `display: none`\n\nFix this problem, or use `{force: true}` to disable error checking.\n\nhttps://on.cypress.io/element-cannot-be-interacted-with\n    at $Cy.ensureVisibility (https://www.amazon.com/__cypress/runner/cypress_runner.js:144037:24)\n    at runAllChecks (https://www.amazon.com/__cypress/runner/cypress_runner.js:132665:14)\n    at retryActionability (https://www.amazon.com/__cypress/runner/cypress_runner.js:132719:16)\n    at tryCatcher (https://www.amazon.com/__cypress/runner/cypress_runner.js:10798:23)\n    at Function.Promise.attempt.Promise.try (https://www.amazon.com/__cypress/runner/cypress_runner.js:8072:29)\n    at tryFn (https://www.amazon.com/__cypress/runner/cypress_runner.js:148863:21)\n    at whenStable (https://www.amazon.com/__cypress/runner/cypress_runner.js:148901:12)\n    at https://www.amazon.com/__cypress/runner/cypress_runner.js:148393:16\n    at tryCatcher (https://www.amazon.com/__cypress/runner/cypress_runner.js:10798:23)\n    at Promise._settlePromiseFromHandler (https://www.amazon.com/__cypress/runner/cypress_runner.js:8733:31)\n    at Promise._settlePromise (https://www.amazon.com/__cypress/runner/cypress_runner.js:8790:18)\n    at Promise._settlePromise0 (https://www.amazon.com/__cypress/runner/cypress_runner.js:8835:10)\n    at Promise._settlePromises (https://www.amazon.com/__cypress/runner/cypress_runner.js:8915:18)\n    at Promise._fulfill (https://www.amazon.com/__cypress/runner/cypress_runner.js:8859:18)\n    at https://www.amazon.com/__cypress/runner/cypress_runner.js:10473:46\nFrom Your Spec Code:\n    at Context.eval (https://www.amazon.com/__cypress/tests?p=cypress\\integration\\com.techproed\\day03_01_hoverover.js:107:42)",
                "diff": null
              },
              "uuid": "2548941f-678b-44ee-a623-c44def3ede9a",
              "parentUUID": "7f7c8f08-14cf-4f97-9fac-9b744ef0ddac",
              "isHook": false,
              "skipped": false
            }
          ],
          "suites": [],
          "passes": [],
          "failures": [
            "2548941f-678b-44ee-a623-c44def3ede9a"
          ],
          "pending": [],
          "skipped": [],
          "duration": 58764,
          "root": false,
          "rootEmpty": false,
          "_timeout": 2000
        }
      ],
      "passes": [],
      "failures": [],
      "pending": [],
      "skipped": [],
      "duration": 0,
      "root": true,
      "rootEmpty": true,
      "_timeout": 2000
    }
  ],
  "meta": {
    "mocha": {
      "version": "7.0.1"
    },
    "mochawesome": {
      "options": {
        "quiet": false,
        "reportFilename": "report",
        "saveHtml": true,
        "saveJson": true,
        "consoleReporter": "spec",
        "useInlineDiffs": false,
        "code": true
      },
      "version": "6.2.2"
    },
    "marge": {
      "options": {
        "reportDir": "cypress/reports",
        "reportFilename": "report",
        "overwrite": false,
        "html": true,
        "json": true,
        "charts": true
      },
      "version": "5.2.0"
    }
  }
}