{
  "stats": {
    "suites": 1,
    "tests": 1,
    "passes": 0,
    "pending": 2,
    "failures": -1,
    "start": "2021-08-05T19:12:39.243Z",
    "end": "2021-08-05T19:12:48.283Z",
    "duration": 9040,
    "testsRegistered": 3,
    "passPercent": 0,
    "pendingPercent": 66.66666666666666,
    "other": 2,
    "hasOther": true,
    "skipped": 2,
    "hasSkipped": true
  },
  "results": [
    {
      "uuid": "a17dfa96-9518-4ed2-9765-414cee179770",
      "title": "",
      "fullFile": "cypress/integration/com.techproed/day03_03_checkboxes.js",
      "file": "cypress/integration/com.techproed/day03_03_checkboxes.js",
      "beforeHooks": [],
      "afterHooks": [],
      "tests": [],
      "suites": [
        {
          "uuid": "41a1a82d-2343-49c8-87f7-762b21d3932e",
          "title": "checkboxes",
          "fullFile": "",
          "file": "",
          "beforeHooks": [],
          "afterHooks": [],
          "tests": [
            {
              "title": "checking single box",
              "fullTitle": "checkboxes checking single box",
              "timedOut": null,
              "duration": 0,
              "state": "pending",
              "speed": null,
              "pass": false,
              "fail": false,
              "pending": true,
              "context": null,
              "code": "",
              "err": {},
              "uuid": "a616978d-183e-47d5-bca0-a4079affe18a",
              "parentUUID": "41a1a82d-2343-49c8-87f7-762b21d3932e",
              "isHook": false,
              "skipped": false
            },
            {
              "title": "check all checkboxes",
              "fullTitle": "checkboxes check all checkboxes",
              "timedOut": null,
              "duration": 0,
              "state": "pending",
              "speed": null,
              "pass": false,
              "fail": false,
              "pending": true,
              "context": null,
              "code": "",
              "err": {},
              "uuid": "c1f2b25d-6b32-4454-8ccd-0c3ca627ddfc",
              "parentUUID": "41a1a82d-2343-49c8-87f7-762b21d3932e",
              "isHook": false,
              "skipped": false
            },
            {
              "title": "click",
              "fullTitle": "checkboxes click",
              "timedOut": null,
              "duration": 566,
              "state": "failed",
              "speed": null,
              "pass": false,
              "fail": true,
              "pending": false,
              "context": null,
              "code": "cy.visit(\"http://automationpractice.com/index.php\");\ncy.get(\".sf-with-ul\").first().click();\ncy.get(\"input[type='checkbox']\").click({\n  multiple: true\n}); //*click() -> tek elemente uygulanir\n//*click({ multiple: true }) -> birden fazla elemete uygulamak icin kullanilir\n//??Assertion\n//*1) secilen locator tiklanmis(checked) mi\ncy.get(\"input[type='checkbox']\").first().should(\"be.checked\"); //assertion\n//*2) ust Classta parent checked oldu mu\ncy.get(\"input[type='checkbox']\").first().parent().should(\"have.class\", \"checked\"); //should('have.class','container');\n//*3) should('have.id','username');\n//*4) should('have.type','text');",
              "err": {
                "message": "CypressError: `cy.visit()` failed trying to load:\n\nhttp://automationpractice.com/index.php\n\nThe response we received from your web server was:\n\n  > 508: Loop Detected\n\nThis was considered a failure because the status code was not `2xx`.\n\nIf you do not want status codes to cause failures pass the option: `failOnStatusCode: false`",
                "estack": "CypressError: `cy.visit()` failed trying to load:\n\nhttp://automationpractice.com/index.php\n\nThe response we received from your web server was:\n\n  > 508: Loop Detected\n\nThis was considered a failure because the status code was not `2xx`.\n\nIf you do not want status codes to cause failures pass the option: `failOnStatusCode: false`\n    at http://automationpractice.com/__cypress/runner/cypress_runner.js:140508:25\n    at visitFailedByErr (http://automationpractice.com/__cypress/runner/cypress_runner.js:139883:12)\n    at http://automationpractice.com/__cypress/runner/cypress_runner.js:140488:13\n    at tryCatcher (http://automationpractice.com/__cypress/runner/cypress_runner.js:10798:23)\n    at Promise._settlePromiseFromHandler (http://automationpractice.com/__cypress/runner/cypress_runner.js:8733:31)\n    at Promise._settlePromise (http://automationpractice.com/__cypress/runner/cypress_runner.js:8790:18)\n    at Promise._settlePromise0 (http://automationpractice.com/__cypress/runner/cypress_runner.js:8835:10)\n    at Promise._settlePromises (http://automationpractice.com/__cypress/runner/cypress_runner.js:8911:18)\n    at _drainQueueStep (http://automationpractice.com/__cypress/runner/cypress_runner.js:5505:12)\n    at _drainQueue (http://automationpractice.com/__cypress/runner/cypress_runner.js:5498:9)\n    at Async.../../node_modules/bluebird/js/release/async.js.Async._drainQueues (http://automationpractice.com/__cypress/runner/cypress_runner.js:5514:5)\n    at Async.drainQueues (http://automationpractice.com/__cypress/runner/cypress_runner.js:5384:14)\nFrom Your Spec Code:\n    at Context.eval (http://automationpractice.com/__cypress/tests?p=cypress\\integration\\com.techproed\\day03_03_checkboxes.js:128:8)",
                "diff": null
              },
              "uuid": "3e18aabe-5396-4213-b7c6-06207e18348a",
              "parentUUID": "41a1a82d-2343-49c8-87f7-762b21d3932e",
              "isHook": false,
              "skipped": false
            }
          ],
          "suites": [],
          "passes": [],
          "failures": [
            "3e18aabe-5396-4213-b7c6-06207e18348a"
          ],
          "pending": [
            "a616978d-183e-47d5-bca0-a4079affe18a",
            "c1f2b25d-6b32-4454-8ccd-0c3ca627ddfc"
          ],
          "skipped": [],
          "duration": 566,
          "root": false,
          "rootEmpty": false,
          "_timeout": 2000
        }
      ],
      "passes": [],
      "failures": [],
      "pending": [],
      "skipped": [],
      "duration": 0,
      "root": true,
      "rootEmpty": true,
      "_timeout": 2000
    }
  ],
  "meta": {
    "mocha": {
      "version": "7.0.1"
    },
    "mochawesome": {
      "options": {
        "quiet": false,
        "reportFilename": "report",
        "saveHtml": true,
        "saveJson": true,
        "consoleReporter": "spec",
        "useInlineDiffs": false,
        "code": true
      },
      "version": "6.2.2"
    },
    "marge": {
      "options": {
        "reportDir": "cypress/reports",
        "reportFilename": "report",
        "overwrite": false,
        "html": true,
        "json": true,
        "charts": true
      },
      "version": "5.2.0"
    }
  }
}