{
  "stats": {
    "suites": 1,
    "tests": 1,
    "passes": 1,
    "pending": 0,
    "failures": 0,
    "start": "2021-08-05T19:14:07.297Z",
    "end": "2021-08-05T19:14:20.165Z",
    "duration": 12868,
    "testsRegistered": 1,
    "passPercent": 100,
    "pendingPercent": 0,
    "other": 0,
    "hasOther": false,
    "skipped": 0,
    "hasSkipped": false
  },
  "results": [
    {
      "uuid": "edac0ccb-dc6f-4ae7-b6b2-016bcdc01064",
      "title": "",
      "fullFile": "cypress/integration/com.techproed/day05_02_amazonSearch.js",
      "file": "cypress/integration/com.techproed/day05_02_amazonSearch.js",
      "beforeHooks": [],
      "afterHooks": [],
      "tests": [],
      "suites": [
        {
          "uuid": "ed7e900f-fd1d-4044-a8b2-d46427a78cc6",
          "title": "search",
          "fullFile": "",
          "file": "",
          "beforeHooks": [],
          "afterHooks": [],
          "tests": [
            {
              "title": "amazon search",
              "fullTitle": "search amazon search",
              "timedOut": null,
              "duration": 10061,
              "state": "passed",
              "speed": "slow",
              "pass": true,
              "fail": false,
              "pending": false,
              "context": null,
              "code": "// cy.amazonSearch(\"imac\");\ncy.amazonSearch(\"iphone\"); // cy.get(\".a-section > .a-color-state\").should(\"have.text\", '\"imac\"');\ncy.get(\".a-section > .a-color-state\").should(\"include.text\", \"iphone\");",
              "err": {},
              "uuid": "5e5f5e83-30ac-48eb-b267-64bd48885d53",
              "parentUUID": "ed7e900f-fd1d-4044-a8b2-d46427a78cc6",
              "isHook": false,
              "skipped": false
            }
          ],
          "suites": [],
          "passes": [
            "5e5f5e83-30ac-48eb-b267-64bd48885d53"
          ],
          "failures": [],
          "pending": [],
          "skipped": [],
          "duration": 10061,
          "root": false,
          "rootEmpty": false,
          "_timeout": 2000
        }
      ],
      "passes": [],
      "failures": [],
      "pending": [],
      "skipped": [],
      "duration": 0,
      "root": true,
      "rootEmpty": true,
      "_timeout": 2000
    }
  ],
  "meta": {
    "mocha": {
      "version": "7.0.1"
    },
    "mochawesome": {
      "options": {
        "quiet": false,
        "reportFilename": "report",
        "saveHtml": true,
        "saveJson": true,
        "consoleReporter": "spec",
        "useInlineDiffs": false,
        "code": true
      },
      "version": "6.2.2"
    },
    "marge": {
      "options": {
        "reportDir": "cypress/reports",
        "reportFilename": "report",
        "overwrite": false,
        "html": true,
        "json": true,
        "charts": true
      },
      "version": "5.2.0"
    }
  }
}