{
  "stats": {
    "suites": 1,
    "tests": 1,
    "passes": 1,
    "pending": 0,
    "failures": 0,
    "start": "2021-08-04T18:14:45.288Z",
    "end": "2021-08-04T18:14:50.084Z",
    "duration": 4796,
    "testsRegistered": 1,
    "passPercent": 100,
    "pendingPercent": 0,
    "other": 0,
    "hasOther": false,
    "skipped": 0,
    "hasSkipped": false
  },
  "results": [
    {
      "uuid": "5c0b4972-6125-487c-84d1-fb798644ce4c",
      "title": "",
      "fullFile": "cypress/integration/com.techproed/day04_01_alerts.js",
      "file": "cypress/integration/com.techproed/day04_01_alerts.js",
      "beforeHooks": [],
      "afterHooks": [],
      "tests": [],
      "suites": [
        {
          "uuid": "65e25e67-002f-4d4a-b45d-be58615cca3d",
          "title": "alerts",
          "fullFile": "",
          "file": "",
          "beforeHooks": [],
          "afterHooks": [],
          "tests": [
            {
              "title": "dismiss alert test",
              "fullTitle": "alerts dismiss alert test",
              "timedOut": null,
              "duration": 2466,
              "state": "passed",
              "speed": "slow",
              "pass": true,
              "fail": false,
              "pending": false,
              "context": null,
              "code": "cy.visit(\"https://the-internet.herokuapp.com/javascript_alerts\");\ncy.get(\":nth-child(2) > button\").click(); //cypres otomatik olarak tamam butonuna tikladi\n//ama iptal butonunu secmek istiyoruz\n//browser controlu icin on() funksiyonu kullanacagiz\n//on()-> jquery bir fonksiyondur\n//window(object):confirm(functionality)\ncy.on(\"window:confirm\", str => {\n  return false; //return true -> default olarak tamam tikla demek\n});\ncy.get(\"#result\").should(\"have.text\", \"You clicked: Cancel\");",
              "err": {},
              "uuid": "e6a05fc9-4641-4bc4-b0aa-7f39d144adab",
              "parentUUID": "65e25e67-002f-4d4a-b45d-be58615cca3d",
              "isHook": false,
              "skipped": false
            }
          ],
          "suites": [],
          "passes": [
            "e6a05fc9-4641-4bc4-b0aa-7f39d144adab"
          ],
          "failures": [],
          "pending": [],
          "skipped": [],
          "duration": 2466,
          "root": false,
          "rootEmpty": false,
          "_timeout": 2000
        }
      ],
      "passes": [],
      "failures": [],
      "pending": [],
      "skipped": [],
      "duration": 0,
      "root": true,
      "rootEmpty": true,
      "_timeout": 2000
    }
  ],
  "meta": {
    "mocha": {
      "version": "7.0.1"
    },
    "mochawesome": {
      "options": {
        "quiet": false,
        "reportFilename": "report",
        "saveHtml": true,
        "saveJson": true,
        "consoleReporter": "spec",
        "useInlineDiffs": false,
        "code": true
      },
      "version": "6.2.2"
    },
    "marge": {
      "options": {
        "reportDir": "cypress/reports",
        "reportFilename": "report",
        "overwrite": false,
        "html": true,
        "json": true,
        "charts": true
      },
      "version": "5.2.0"
    }
  }
}