{
  "stats": {
    "suites": 1,
    "tests": 1,
    "passes": 1,
    "pending": 0,
    "failures": 0,
    "start": "2021-08-04T18:04:50.113Z",
    "end": "2021-08-04T18:05:29.190Z",
    "duration": 39077,
    "testsRegistered": 1,
    "passPercent": 100,
    "pendingPercent": 0,
    "other": 0,
    "hasOther": false,
    "skipped": 0,
    "hasSkipped": false
  },
  "results": [
    {
      "uuid": "2592b1ef-a9d8-42aa-9e2b-22f7fdf083da",
      "title": "",
      "fullFile": "cypress/integration/com.techproed/day01_02_loginTest.js",
      "file": "cypress/integration/com.techproed/day01_02_loginTest.js",
      "beforeHooks": [],
      "afterHooks": [],
      "tests": [],
      "suites": [
        {
          "uuid": "43098cda-55e2-4d3b-90bc-df7d0ed24d7f",
          "title": "Koala Resort Hotel",
          "fullFile": "",
          "file": "",
          "beforeHooks": [],
          "afterHooks": [],
          "tests": [
            {
              "title": "Test 1",
              "fullTitle": "Koala Resort Hotel Test 1",
              "timedOut": null,
              "duration": 35765,
              "state": "passed",
              "speed": "slow",
              "pass": true,
              "fail": false,
              "pending": false,
              "context": null,
              "code": "cy.visit(\"https://qa-environment.koalaresorthotels.com/\"); //describe: fonksiyonu tanimlar\n//visit (): seleniumdaki get() methodu gibi adrese gider\n//* login\n//1.yol\n//cy.get('#navLogon > .nav-link').click();\n//2.yol\ncy.contains(\"Log in\").click(); //contains () : metni text olarak buluyor\n//username :Manager\ncy.get(\"#UserName\").type(\"Manager\"); //selenium da; driver.findElement(By.cssSelector(\"#UserName\"))\n//password :Manager1!\ncy.get(\"#Password\").type(\"Manager1!\");\ncy.get(\"#btnSubmit\").click();",
              "err": {},
              "uuid": "3da9d915-03a2-4520-8d34-ec82b84ca6ea",
              "parentUUID": "43098cda-55e2-4d3b-90bc-df7d0ed24d7f",
              "isHook": false,
              "skipped": false
            }
          ],
          "suites": [],
          "passes": [
            "3da9d915-03a2-4520-8d34-ec82b84ca6ea"
          ],
          "failures": [],
          "pending": [],
          "skipped": [],
          "duration": 35765,
          "root": false,
          "rootEmpty": false,
          "_timeout": 2000
        }
      ],
      "passes": [],
      "failures": [],
      "pending": [],
      "skipped": [],
      "duration": 0,
      "root": true,
      "rootEmpty": true,
      "_timeout": 2000
    }
  ],
  "meta": {
    "mocha": {
      "version": "7.0.1"
    },
    "mochawesome": {
      "options": {
        "quiet": false,
        "reportFilename": "report",
        "saveHtml": true,
        "saveJson": true,
        "consoleReporter": "spec",
        "useInlineDiffs": false,
        "code": true
      },
      "version": "6.2.2"
    },
    "marge": {
      "options": {
        "reportDir": "cypress/reports",
        "reportFilename": "report",
        "overwrite": false,
        "html": true,
        "json": true,
        "charts": true
      },
      "version": "5.2.0"
    }
  }
}