{
  "stats": {
    "suites": 1,
    "tests": 2,
    "passes": 2,
    "pending": 0,
    "failures": 0,
    "start": "2021-08-05T19:10:22.203Z",
    "end": "2021-08-05T19:10:30.176Z",
    "duration": 7973,
    "testsRegistered": 2,
    "passPercent": 100,
    "pendingPercent": 0,
    "other": 0,
    "hasOther": false,
    "skipped": 0,
    "hasSkipped": false
  },
  "results": [
    {
      "uuid": "e0c20289-4789-4375-b2ad-ed5152e83a9a",
      "title": "",
      "fullFile": "cypress/integration/com.techproed/day01_01_firstTest.js",
      "file": "cypress/integration/com.techproed/day01_01_firstTest.js",
      "beforeHooks": [],
      "afterHooks": [],
      "tests": [],
      "suites": [
        {
          "uuid": "ecbc4c38-230f-4391-8c9c-ba8bca700227",
          "title": "My First Test",
          "fullFile": "",
          "file": "",
          "beforeHooks": [],
          "afterHooks": [],
          "tests": [
            {
              "title": "URL Testi",
              "fullTitle": "My First Test URL Testi",
              "timedOut": null,
              "duration": 1895,
              "state": "passed",
              "speed": "slow",
              "pass": true,
              "fail": false,
              "pending": false,
              "context": null,
              "code": "//* testi tanimliyoruz @Test gibi..\n//*it('Testin ismi','test icin olusturulacak fonksiyonlar')\n//URL adresinden google var mi?\ncy.visit(\"https://www.google.com.tr/\"); // my-cypress-framework ara yuzune gidip testin oldugu klasoru tıkla yani run et  //seleniumdaki get()\n//*visit ('site adresi') siteye gider\ncy.url().should(\"include\", \"com\", \"//\");\ncy.url().should(\"include\", \"com\");\ncy.url().should(\"include\", \"www.google.com\"); //* url () : url testi icin kullanilir\n//*should('iceriyor mu', 'xxxx')",
              "err": {},
              "uuid": "b36e2734-5f53-41b8-9853-0712bcaf73e5",
              "parentUUID": "ecbc4c38-230f-4391-8c9c-ba8bca700227",
              "isHook": false,
              "skipped": false
            },
            {
              "title": "Title Test",
              "fullTitle": "My First Test Title Test",
              "timedOut": null,
              "duration": 1177,
              "state": "passed",
              "speed": "slow",
              "pass": true,
              "fail": false,
              "pending": false,
              "context": null,
              "code": "//Title da Google Var mi?\ncy.visit(\"https://www.google.com/\");\ncy.title().should(\"eq\", \"Google\"); //Google in type da  Google case sensitive",
              "err": {},
              "uuid": "58d5f9b6-5f0f-43df-b918-779b4e475afe",
              "parentUUID": "ecbc4c38-230f-4391-8c9c-ba8bca700227",
              "isHook": false,
              "skipped": false
            }
          ],
          "suites": [],
          "passes": [
            "b36e2734-5f53-41b8-9853-0712bcaf73e5",
            "58d5f9b6-5f0f-43df-b918-779b4e475afe"
          ],
          "failures": [],
          "pending": [],
          "skipped": [],
          "duration": 3072,
          "root": false,
          "rootEmpty": false,
          "_timeout": 2000
        }
      ],
      "passes": [],
      "failures": [],
      "pending": [],
      "skipped": [],
      "duration": 0,
      "root": true,
      "rootEmpty": true,
      "_timeout": 2000
    }
  ],
  "meta": {
    "mocha": {
      "version": "7.0.1"
    },
    "mochawesome": {
      "options": {
        "quiet": false,
        "reportFilename": "report",
        "saveHtml": true,
        "saveJson": true,
        "consoleReporter": "spec",
        "useInlineDiffs": false,
        "code": true
      },
      "version": "6.2.2"
    },
    "marge": {
      "options": {
        "reportDir": "cypress/reports",
        "reportFilename": "report",
        "overwrite": false,
        "html": true,
        "json": true,
        "charts": true
      },
      "version": "5.2.0"
    }
  }
}