{
  "stats": {
    "suites": 1,
    "tests": 1,
    "passes": 1,
    "pending": 0,
    "failures": 0,
    "start": "2021-08-05T19:20:48.628Z",
    "end": "2021-08-05T19:21:13.190Z",
    "duration": 24562,
    "testsRegistered": 1,
    "passPercent": 100,
    "pendingPercent": 0,
    "other": 0,
    "hasOther": false,
    "skipped": 0,
    "hasSkipped": false
  },
  "results": [
    {
      "uuid": "45d600dc-ed2b-4853-9757-64575afec3f1",
      "title": "",
      "fullFile": "cypress/integration/smoke-test/day07_01_paylinnBank.js",
      "file": "cypress/integration/smoke-test/day07_01_paylinnBank.js",
      "beforeHooks": [],
      "afterHooks": [],
      "tests": [],
      "suites": [
        {
          "uuid": "5c6fa8dc-9db0-489b-b5b1-64f8549e33b4",
          "title": "Paylinn Bank",
          "fullFile": "",
          "file": "",
          "beforeHooks": [],
          "afterHooks": [],
          "tests": [
            {
              "title": "paylinn login test",
              "fullTitle": "Paylinn Bank paylinn login test",
              "timedOut": null,
              "duration": 21881,
              "state": "passed",
              "speed": "slow",
              "pass": true,
              "fail": false,
              "pending": false,
              "context": null,
              "code": "//* Url e git\ncy.visit(\"https://www.paylinn.com/\"); //*Sign In e click\ncy.contains(\"Sign In\").click(); //cy.get('[href=\"/login\"] > .header__option > .header__lineTwo')  Sign In locator\n//*username gir\ncy.get(\":nth-child(1) > .MuiFormControl-root > .MuiInputBase-root > .MuiInputBase-input\").type(\"User\"); //*password gir\ncy.get(\":nth-child(2) > .MuiFormControl-root > .MuiInputBase-root > .MuiInputBase-input\").type(\"user\"); //*submit e tikla\ncy.get(\".MuiButton-label\").click(); //*giris yapildigini onayla\ncy.get(\".header__nav > :nth-child(1) > .header__lineOne\").should(\"contain.text\", \"Welcome\");",
              "err": {},
              "uuid": "b4761811-87e0-4be3-9c91-61cc095c731b",
              "parentUUID": "5c6fa8dc-9db0-489b-b5b1-64f8549e33b4",
              "isHook": false,
              "skipped": false
            }
          ],
          "suites": [],
          "passes": [
            "b4761811-87e0-4be3-9c91-61cc095c731b"
          ],
          "failures": [],
          "pending": [],
          "skipped": [],
          "duration": 21881,
          "root": false,
          "rootEmpty": false,
          "_timeout": 2000
        }
      ],
      "passes": [],
      "failures": [],
      "pending": [],
      "skipped": [],
      "duration": 0,
      "root": true,
      "rootEmpty": true,
      "_timeout": 2000
    }
  ],
  "meta": {
    "mocha": {
      "version": "7.0.1"
    },
    "mochawesome": {
      "options": {
        "quiet": false,
        "reportFilename": "report",
        "saveHtml": true,
        "saveJson": true,
        "consoleReporter": "spec",
        "useInlineDiffs": false,
        "code": true
      },
      "version": "6.2.2"
    },
    "marge": {
      "options": {
        "reportDir": "cypress/reports",
        "reportFilename": "report",
        "overwrite": false,
        "html": true,
        "json": true,
        "charts": true
      },
      "version": "5.2.0"
    }
  }
}