{
  "stats": {
    "suites": 1,
    "tests": 1,
    "passes": 0,
    "pending": 2,
    "failures": -1,
    "start": "2021-08-04T18:14:30.518Z",
    "end": "2021-08-04T18:14:43.559Z",
    "duration": 13041,
    "testsRegistered": 3,
    "passPercent": 0,
    "pendingPercent": 66.66666666666666,
    "other": 2,
    "hasOther": true,
    "skipped": 2,
    "hasSkipped": true
  },
  "results": [
    {
      "uuid": "b5747a81-ad1d-4d2b-b591-80a8de46fec1",
      "title": "",
      "fullFile": "cypress/integration/com.techproed/day03_03_checkboxes.js",
      "file": "cypress/integration/com.techproed/day03_03_checkboxes.js",
      "beforeHooks": [],
      "afterHooks": [],
      "tests": [],
      "suites": [
        {
          "uuid": "f3628a2d-7d98-4b41-b135-cc97253740ba",
          "title": "checkboxes",
          "fullFile": "",
          "file": "",
          "beforeHooks": [],
          "afterHooks": [],
          "tests": [
            {
              "title": "checking single box",
              "fullTitle": "checkboxes checking single box",
              "timedOut": null,
              "duration": 0,
              "state": "pending",
              "speed": null,
              "pass": false,
              "fail": false,
              "pending": true,
              "context": null,
              "code": "",
              "err": {},
              "uuid": "00134a9a-bc56-40ec-a172-d4aa73091209",
              "parentUUID": "f3628a2d-7d98-4b41-b135-cc97253740ba",
              "isHook": false,
              "skipped": false
            },
            {
              "title": "check all checkboxes",
              "fullTitle": "checkboxes check all checkboxes",
              "timedOut": null,
              "duration": 0,
              "state": "pending",
              "speed": null,
              "pass": false,
              "fail": false,
              "pending": true,
              "context": null,
              "code": "",
              "err": {},
              "uuid": "954ecb46-48b1-4a2f-bb3e-b1e09786844b",
              "parentUUID": "f3628a2d-7d98-4b41-b135-cc97253740ba",
              "isHook": false,
              "skipped": false
            },
            {
              "title": "click",
              "fullTitle": "checkboxes click",
              "timedOut": null,
              "duration": 8749,
              "state": "failed",
              "speed": null,
              "pass": false,
              "fail": true,
              "pending": false,
              "context": null,
              "code": "cy.visit(\"http://automationpractice.com/index.php\");\ncy.get(\".sf-with-ul\").first().click();\ncy.get(\"input[type='checkbox']\").click({\n  multiple: true\n}); //*click() -> tek elemente uygulanir\n//*click({ multiple: true }) -> birden fazla elemete uygulamak icin kullanilir\n//??Assertion\n//*1) secilen locator tiklanmis(checked) mi\ncy.get(\"input[type='checkbox']\").first().should(\"be.checked\"); //assertion\n//*2) ust Classta parent checked oldu mu\ncy.get(\"input[type='checkbox']\").first().parent().should(\"have.class\", \"checked\"); //should('have.class','container');\n//*3) should('have.id','username');\n//*4) should('have.type','text');",
              "err": {
                "message": "AssertionError: Timed out retrying after 4000ms: Expected to find element: `.sf-with-ul`, but never found it.",
                "estack": "AssertionError: Timed out retrying after 4000ms: Expected to find element: `.sf-with-ul`, but never found it.\n    at Context.eval (http://automationpractice.com/__cypress/tests?p=cypress\\integration\\com.techproed\\day03_03_checkboxes.js:129:8)",
                "diff": null
              },
              "uuid": "7527e568-157c-47a1-9d81-d9ecf7c7a12c",
              "parentUUID": "f3628a2d-7d98-4b41-b135-cc97253740ba",
              "isHook": false,
              "skipped": false
            }
          ],
          "suites": [],
          "passes": [],
          "failures": [
            "7527e568-157c-47a1-9d81-d9ecf7c7a12c"
          ],
          "pending": [
            "00134a9a-bc56-40ec-a172-d4aa73091209",
            "954ecb46-48b1-4a2f-bb3e-b1e09786844b"
          ],
          "skipped": [],
          "duration": 8749,
          "root": false,
          "rootEmpty": false,
          "_timeout": 2000
        }
      ],
      "passes": [],
      "failures": [],
      "pending": [],
      "skipped": [],
      "duration": 0,
      "root": true,
      "rootEmpty": true,
      "_timeout": 2000
    }
  ],
  "meta": {
    "mocha": {
      "version": "7.0.1"
    },
    "mochawesome": {
      "options": {
        "quiet": false,
        "reportFilename": "report",
        "saveHtml": true,
        "saveJson": true,
        "consoleReporter": "spec",
        "useInlineDiffs": false,
        "code": true
      },
      "version": "6.2.2"
    },
    "marge": {
      "options": {
        "reportDir": "cypress/reports",
        "reportFilename": "report",
        "overwrite": false,
        "html": true,
        "json": true,
        "charts": true
      },
      "version": "5.2.0"
    }
  }
}