{
  "stats": {
    "suites": 1,
    "tests": 1,
    "passes": 0,
    "pending": 0,
    "failures": 1,
    "start": "2021-08-04T18:15:49.026Z",
    "end": "2021-08-04T18:15:59.365Z",
    "duration": 10339,
    "testsRegistered": 1,
    "passPercent": 0,
    "pendingPercent": 0,
    "other": 0,
    "hasOther": false,
    "skipped": 0,
    "hasSkipped": false
  },
  "results": [
    {
      "uuid": "13bb4db0-dc3e-41fc-9834-e30daabfd96a",
      "title": "",
      "fullFile": "cypress/integration/com.techproed/day05_03_fileUpload.js",
      "file": "cypress/integration/com.techproed/day05_03_fileUpload.js",
      "beforeHooks": [],
      "afterHooks": [],
      "tests": [],
      "suites": [
        {
          "uuid": "00e15220-3196-4fd7-af63-f9168ef491f7",
          "title": "file upload",
          "fullFile": "",
          "file": "",
          "beforeHooks": [],
          "afterHooks": [],
          "tests": [
            {
              "title": "override fileName",
              "fullTitle": "file upload override fileName",
              "timedOut": null,
              "duration": 7873,
              "state": "failed",
              "speed": null,
              "pass": false,
              "fail": true,
              "pending": false,
              "context": null,
              "code": "cy.visit(\"https://davidwalsh.name/demo/multiple-file-upload.php\");\nconst path1 = \"image01.jpeg\"; // cy.get(\"#filesToUpload\").attachFile({filePath: path1, fileName: \"image02.jpeg\" });\ncy.get(\"#filesToUpload\").attachFile({\n  filePath: path1,\n  fileName: \"deneme.pdf\"\n}); //Assertion\n//1.yol\ncy.contains(\"image.jpeg\").should(\"be.visible\"); //2.yol\ncy.get(\"#fileList > li\").contains(\"image0.jpeg\").should(\"be.visible\");",
              "err": {
                "message": "AssertionError: Timed out retrying after 4000ms: Expected to find content: 'image.jpeg' but never did.",
                "estack": "AssertionError: Timed out retrying after 4000ms: Expected to find content: 'image.jpeg' but never did.\n    at Context.eval (https://davidwalsh.name/__cypress/tests?p=cypress\\integration\\com.techproed\\day05_03_fileUpload.js:145:31)",
                "diff": null
              },
              "uuid": "f2db2946-de33-4a59-9b60-619cfb472204",
              "parentUUID": "00e15220-3196-4fd7-af63-f9168ef491f7",
              "isHook": false,
              "skipped": false
            }
          ],
          "suites": [],
          "passes": [],
          "failures": [
            "f2db2946-de33-4a59-9b60-619cfb472204"
          ],
          "pending": [],
          "skipped": [],
          "duration": 7873,
          "root": false,
          "rootEmpty": false,
          "_timeout": 2000
        }
      ],
      "passes": [],
      "failures": [],
      "pending": [],
      "skipped": [],
      "duration": 0,
      "root": true,
      "rootEmpty": true,
      "_timeout": 2000
    }
  ],
  "meta": {
    "mocha": {
      "version": "7.0.1"
    },
    "mochawesome": {
      "options": {
        "quiet": false,
        "reportFilename": "report",
        "saveHtml": true,
        "saveJson": true,
        "consoleReporter": "spec",
        "useInlineDiffs": false,
        "code": true
      },
      "version": "6.2.2"
    },
    "marge": {
      "options": {
        "reportDir": "cypress/reports",
        "reportFilename": "report",
        "overwrite": false,
        "html": true,
        "json": true,
        "charts": true
      },
      "version": "5.2.0"
    }
  }
}