{
  "stats": {
    "suites": 1,
    "tests": 1,
    "passes": 1,
    "pending": 0,
    "failures": 0,
    "start": "2021-08-05T19:15:25.710Z",
    "end": "2021-08-05T19:15:42.379Z",
    "duration": 16669,
    "testsRegistered": 1,
    "passPercent": 100,
    "pendingPercent": 0,
    "other": 0,
    "hasOther": false,
    "skipped": 0,
    "hasSkipped": false
  },
  "results": [
    {
      "uuid": "19d535b6-1f0a-4d4d-baea-8788af6187c8",
      "title": "",
      "fullFile": "cypress/integration/com.techproed/day07_02_paylinnBankwithFixture.js",
      "file": "cypress/integration/com.techproed/day07_02_paylinnBankwithFixture.js",
      "beforeHooks": [],
      "afterHooks": [],
      "tests": [],
      "suites": [
        {
          "uuid": "75bb4110-e9ac-41c2-a902-abb8f0e95f98",
          "title": "Paylinn Bank",
          "fullFile": "",
          "file": "",
          "beforeHooks": [],
          "afterHooks": [],
          "tests": [
            {
              "title": "paylinn login test",
              "fullTitle": "Paylinn Bank paylinn login test",
              "timedOut": null,
              "duration": 15075,
              "state": "passed",
              "speed": "slow",
              "pass": true,
              "fail": false,
              "pending": false,
              "context": null,
              "code": "//* Url e git\ncy.visit(\"https://www.paylinn.com/\"); //*Sign In e click\ncy.contains(\"Sign In\").click(); //cy.get('[href=\"/login\"] > .header__option > .header__lineTwo')  Sign In locator\n//*username gir\ncy.get(\":nth-child(1) > .MuiFormControl-root > .MuiInputBase-root > .MuiInputBase-input\").type(this.data.username); //*username girildigini dogrula\n//?? value attribute dogrualama yontemiyle\n//* bos iken : <input aria-invalid=\"true\" name=\"username\" type=\"text\" class=\"MuiInputBase-input MuiInput-input\" value=\"\">\n//* dolu iken : <input aria-invalid=“false” name=\"username\" type=\"text\" class=\"MuiInputBase-input MuiInput-input\" value=\"User\">\ncy.get(\":nth-child(1) > .MuiFormControl-root > .MuiInputBase-root > .MuiInputBase-input\").should(\"have.attr\", \"value\", this.data.username); //*password gir\ncy.get(\":nth-child(2) > .MuiFormControl-root > .MuiInputBase-root > .MuiInputBase-input\").type(this.data.password); //*password girildigini dogrula\ncy.get(\":nth-child(2) > .MuiFormControl-root > .MuiInputBase-root > .MuiInputBase-input\").should(\"have.attr\", \"value\", this.data.password); //*submit e tikla\ncy.get(\".MuiButton-label\").click(); //*giris yapildigini onayla\ncy.get(\".header__nav > :nth-child(1) > .header__lineOne\").should(\"contain.text\", \"Welcome\"); //*giris yapildigini assert etme\ncy.get(\".header__nav\").should(\"contain.text\", \"Welcome\").and(\"contain.text\", \"React\").and(\"contain.text\", \"Logout\").and(\"contain.text\", this.data.username);",
              "err": {},
              "uuid": "db553010-4b44-4deb-94fa-1fcefcad55be",
              "parentUUID": "75bb4110-e9ac-41c2-a902-abb8f0e95f98",
              "isHook": false,
              "skipped": false
            }
          ],
          "suites": [],
          "passes": [
            "db553010-4b44-4deb-94fa-1fcefcad55be"
          ],
          "failures": [],
          "pending": [],
          "skipped": [],
          "duration": 15075,
          "root": false,
          "rootEmpty": false,
          "_timeout": 2000
        }
      ],
      "passes": [],
      "failures": [],
      "pending": [],
      "skipped": [],
      "duration": 0,
      "root": true,
      "rootEmpty": true,
      "_timeout": 2000
    }
  ],
  "meta": {
    "mocha": {
      "version": "7.0.1"
    },
    "mochawesome": {
      "options": {
        "quiet": false,
        "reportFilename": "report",
        "saveHtml": true,
        "saveJson": true,
        "consoleReporter": "spec",
        "useInlineDiffs": false,
        "code": true
      },
      "version": "6.2.2"
    },
    "marge": {
      "options": {
        "reportDir": "cypress/reports",
        "reportFilename": "report",
        "overwrite": false,
        "html": true,
        "json": true,
        "charts": true
      },
      "version": "5.2.0"
    }
  }
}