{
  "stats": {
    "suites": 1,
    "tests": 1,
    "passes": 1,
    "pending": 0,
    "failures": 0,
    "start": "2021-08-05T19:12:18.185Z",
    "end": "2021-08-05T19:12:37.214Z",
    "duration": 19029,
    "testsRegistered": 1,
    "passPercent": 100,
    "pendingPercent": 0,
    "other": 0,
    "hasOther": false,
    "skipped": 0,
    "hasSkipped": false
  },
  "results": [
    {
      "uuid": "a997cc63-244c-4572-a7bf-359629bf2ce9",
      "title": "",
      "fullFile": "cypress/integration/com.techproed/day03_02_scroll.js",
      "file": "cypress/integration/com.techproed/day03_02_scroll.js",
      "beforeHooks": [],
      "afterHooks": [],
      "tests": [],
      "suites": [
        {
          "uuid": "f4bb60db-dcdc-4ebc-9457-35380ec421c7",
          "title": "scroll",
          "fullFile": "",
          "file": "",
          "beforeHooks": [],
          "afterHooks": [],
          "tests": [
            {
              "title": "scroll Into view",
              "fullTitle": "scroll scroll Into view",
              "timedOut": null,
              "duration": 16602,
              "state": "passed",
              "speed": "slow",
              "pass": true,
              "fail": false,
              "pending": false,
              "context": null,
              "code": "cy.visit(\"https://qa-environment.koalaresorthotels.com/\"); //*scrollIntoView() : sayfada locate edilen yere gider\ncy.get(\".col-md-7 > .mb-4\").scrollIntoView();\ncy.wait(3000);\ncy.get(\":nth-child(9) > .container > .justify-content-center > .col-md-7 > h2\").scrollIntoView();\ncy.wait(3000);\ncy.get(\".col-md-7 > h2 > span\").scrollIntoView();\ncy.scrollTo(\"bottom\"); //*sayfada en sona gider\ncy.scrollTo(\"top\"); //*sayfada en basa gider\ncy.scrollTo(0, 1000); //*en bastan 1000 px asagiya iner\ncy.wait(3000);\ncy.scrollTo(0, -500); //*500 px yukari cikar",
              "err": {},
              "uuid": "f5825805-8f99-4475-a3e3-e60a9b31c410",
              "parentUUID": "f4bb60db-dcdc-4ebc-9457-35380ec421c7",
              "isHook": false,
              "skipped": false
            }
          ],
          "suites": [],
          "passes": [
            "f5825805-8f99-4475-a3e3-e60a9b31c410"
          ],
          "failures": [],
          "pending": [],
          "skipped": [],
          "duration": 16602,
          "root": false,
          "rootEmpty": false,
          "_timeout": 2000
        }
      ],
      "passes": [],
      "failures": [],
      "pending": [],
      "skipped": [],
      "duration": 0,
      "root": true,
      "rootEmpty": true,
      "_timeout": 2000
    }
  ],
  "meta": {
    "mocha": {
      "version": "7.0.1"
    },
    "mochawesome": {
      "options": {
        "quiet": false,
        "reportFilename": "report",
        "saveHtml": true,
        "saveJson": true,
        "consoleReporter": "spec",
        "useInlineDiffs": false,
        "code": true
      },
      "version": "6.2.2"
    },
    "marge": {
      "options": {
        "reportDir": "cypress/reports",
        "reportFilename": "report",
        "overwrite": false,
        "html": true,
        "json": true,
        "charts": true
      },
      "version": "5.2.0"
    }
  }
}