{
  "stats": {
    "suites": 1,
    "tests": 1,
    "passes": 1,
    "pending": 0,
    "failures": 0,
    "start": "2021-08-05T18:49:26.991Z",
    "end": "2021-08-05T18:49:55.719Z",
    "duration": 28728,
    "testsRegistered": 1,
    "passPercent": 100,
    "pendingPercent": 0,
    "other": 0,
    "hasOther": false,
    "skipped": 0,
    "hasSkipped": false
  },
  "results": [
    {
      "uuid": "ffa6c6d4-69bc-46cc-971b-597923fac095",
      "title": "",
      "fullFile": "cypress/integration/com.techproed/day07_02_paylinnBankwithFixture.js",
      "file": "cypress/integration/com.techproed/day07_02_paylinnBankwithFixture.js",
      "beforeHooks": [],
      "afterHooks": [],
      "tests": [],
      "suites": [
        {
          "uuid": "7a3df4d9-c546-47d3-a05e-5b15e2536b72",
          "title": "Paylinn Bank",
          "fullFile": "",
          "file": "",
          "beforeHooks": [],
          "afterHooks": [],
          "tests": [
            {
              "title": "paylinn login test",
              "fullTitle": "Paylinn Bank paylinn login test",
              "timedOut": null,
              "duration": 27212,
              "state": "passed",
              "speed": "slow",
              "pass": true,
              "fail": false,
              "pending": false,
              "context": null,
              "code": "//* Url e git\ncy.visit(\"https://www.paylinn.com/\"); //*Sign In e click\ncy.contains(\"Sign In\").click(); //cy.get('[href=\"/login\"] > .header__option > .header__lineTwo')  Sign In locator\n//*username gir\ncy.get(\":nth-child(1) > .MuiFormControl-root > .MuiInputBase-root > .MuiInputBase-input\").type(this.data.username); //*username girildigini dogrula\n//?? value attribute dogrualama yontemiyle\n//* bos iken : <input aria-invalid=\"true\" name=\"username\" type=\"text\" class=\"MuiInputBase-input MuiInput-input\" value=\"\">\n//* dolu iken : <input aria-invalid=“false” name=\"username\" type=\"text\" class=\"MuiInputBase-input MuiInput-input\" value=\"User\">\ncy.get(\":nth-child(1) > .MuiFormControl-root > .MuiInputBase-root > .MuiInputBase-input\").should(\"have.attr\", \"value\", this.data.username); //*password gir\ncy.get(\":nth-child(2) > .MuiFormControl-root > .MuiInputBase-root > .MuiInputBase-input\").type(this.data.password); //*password girildigini dogrula\ncy.get(\":nth-child(2) > .MuiFormControl-root > .MuiInputBase-root > .MuiInputBase-input\").should(\"have.attr\", \"value\", this.data.password); //*submit e tikla\ncy.get(\".MuiButton-label\").click(); //*giris yapildigini onayla\ncy.get(\".header__nav > :nth-child(1) > .header__lineOne\").should(\"contain.text\", \"Welcome\"); //*giris yapildigini assert etme\ncy.get(\".header__nav\").should(\"contain.text\", \"Welcome\").and(\"contain.text\", \"React\").and(\"contain.text\", \"Logout\").and(\"contain.text\", this.data.username);",
              "err": {},
              "uuid": "a9d9d815-3f95-44ee-83be-61aa7b159a8b",
              "parentUUID": "7a3df4d9-c546-47d3-a05e-5b15e2536b72",
              "isHook": false,
              "skipped": false
            }
          ],
          "suites": [],
          "passes": [
            "a9d9d815-3f95-44ee-83be-61aa7b159a8b"
          ],
          "failures": [],
          "pending": [],
          "skipped": [],
          "duration": 27212,
          "root": false,
          "rootEmpty": false,
          "_timeout": 2000
        }
      ],
      "passes": [],
      "failures": [],
      "pending": [],
      "skipped": [],
      "duration": 0,
      "root": true,
      "rootEmpty": true,
      "_timeout": 2000
    }
  ],
  "meta": {
    "mocha": {
      "version": "7.0.1"
    },
    "mochawesome": {
      "options": {
        "quiet": false,
        "reportFilename": "report",
        "saveHtml": true,
        "saveJson": true,
        "consoleReporter": "spec",
        "useInlineDiffs": false,
        "code": true
      },
      "version": "6.2.2"
    },
    "marge": {
      "options": {
        "reportDir": "cypress/reports",
        "reportFilename": "report",
        "overwrite": false,
        "html": true,
        "json": true,
        "charts": true
      },
      "version": "5.2.0"
    }
  }
}