{
  "stats": {
    "suites": 1,
    "tests": 2,
    "passes": 2,
    "pending": 0,
    "failures": 0,
    "start": "2021-08-05T18:47:00.201Z",
    "end": "2021-08-05T18:47:12.043Z",
    "duration": 11842,
    "testsRegistered": 2,
    "passPercent": 100,
    "pendingPercent": 0,
    "other": 0,
    "hasOther": false,
    "skipped": 0,
    "hasSkipped": false
  },
  "results": [
    {
      "uuid": "46975e28-6551-41a4-83d3-d9fd2242b7db",
      "title": "",
      "fullFile": "cypress/integration/com.techproed/day04_03_multipleWindow.js",
      "file": "cypress/integration/com.techproed/day04_03_multipleWindow.js",
      "beforeHooks": [],
      "afterHooks": [],
      "tests": [],
      "suites": [
        {
          "uuid": "cc513cd9-a45d-4745-a895-51c3bb428e69",
          "title": "multiple windows",
          "fullFile": "",
          "file": "",
          "beforeHooks": [],
          "afterHooks": [],
          "tests": [
            {
              "title": "removing target",
              "fullTitle": "multiple windows removing target",
              "timedOut": null,
              "duration": 5626,
              "state": "passed",
              "speed": "slow",
              "pass": true,
              "fail": false,
              "pending": false,
              "context": null,
              "code": "cy.visit(\"https://the-internet.herokuapp.com/windows\");\ncy.wait(3000);\ncy.get(\".example > a\").invoke(\"removeAttr\", \"target\").click(); //hedefi yani olan sekmeyi kaldirarak cagir  (yeni sekmeyi cagir)\n//*invoke('removeAttr', 'Attribute name')\n//*attribute siliyor, yeni sekmeyi acmiyor, tiklandiginda ayni sekmede aciliyor\ncy.get(\"h3\").should(\"have.text\", \"New Window\");",
              "err": {},
              "uuid": "8a34e0c9-61f1-4945-ab23-506b7d08cac4",
              "parentUUID": "cc513cd9-a45d-4745-a895-51c3bb428e69",
              "isHook": false,
              "skipped": false
            },
            {
              "title": "yeni urlde acma",
              "fullTitle": "multiple windows yeni urlde acma",
              "timedOut": null,
              "duration": 4514,
              "state": "passed",
              "speed": "slow",
              "pass": true,
              "fail": false,
              "pending": false,
              "context": null,
              "code": "cy.visit(\"https://the-internet.herokuapp.com/windows\");\ncy.wait(3000); //  prop() : JQuery de bir method, Attribute degerini aliyor\n//  prop() ile 'href' degerini aldik (deger : Window/new)\ncy.get(\".example > a\").then(element => {\n  const newURL = element.prop(\"href\");\n  cy.visit(newURL);\n});\ncy.get(\"h3\").should(\"have.text\", \"New Window\"); //testin icinde methodun disinda",
              "err": {},
              "uuid": "eefa9704-e760-4330-8576-c32b39aa01fc",
              "parentUUID": "cc513cd9-a45d-4745-a895-51c3bb428e69",
              "isHook": false,
              "skipped": false
            }
          ],
          "suites": [],
          "passes": [
            "8a34e0c9-61f1-4945-ab23-506b7d08cac4",
            "eefa9704-e760-4330-8576-c32b39aa01fc"
          ],
          "failures": [],
          "pending": [],
          "skipped": [],
          "duration": 10140,
          "root": false,
          "rootEmpty": false,
          "_timeout": 2000
        }
      ],
      "passes": [],
      "failures": [],
      "pending": [],
      "skipped": [],
      "duration": 0,
      "root": true,
      "rootEmpty": true,
      "_timeout": 2000
    }
  ],
  "meta": {
    "mocha": {
      "version": "7.0.1"
    },
    "mochawesome": {
      "options": {
        "quiet": false,
        "reportFilename": "report",
        "saveHtml": true,
        "saveJson": true,
        "consoleReporter": "spec",
        "useInlineDiffs": false,
        "code": true
      },
      "version": "6.2.2"
    },
    "marge": {
      "options": {
        "reportDir": "cypress/reports",
        "reportFilename": "report",
        "overwrite": false,
        "html": true,
        "json": true,
        "charts": true
      },
      "version": "5.2.0"
    }
  }
}