{
  "stats": {
    "suites": 1,
    "tests": 1,
    "passes": 1,
    "pending": 0,
    "failures": 0,
    "start": "2021-08-05T18:48:46.976Z",
    "end": "2021-08-05T18:49:01.521Z",
    "duration": 14545,
    "testsRegistered": 1,
    "passPercent": 100,
    "pendingPercent": 0,
    "other": 0,
    "hasOther": false,
    "skipped": 0,
    "hasSkipped": false
  },
  "results": [
    {
      "uuid": "33d82e92-741c-4bc6-bd8e-54205fa36276",
      "title": "",
      "fullFile": "cypress/integration/com.techproed/day06_02_hooks.js",
      "file": "cypress/integration/com.techproed/day06_02_hooks.js",
      "beforeHooks": [],
      "afterHooks": [],
      "tests": [],
      "suites": [
        {
          "uuid": "9ba0bea8-fead-417d-a319-0f6473945e2c",
          "title": "hooks",
          "fullFile": "",
          "file": "",
          "beforeHooks": [],
          "afterHooks": [],
          "tests": [
            {
              "title": "test 1",
              "fullTitle": "hooks test 1",
              "timedOut": null,
              "duration": 9914,
              "state": "passed",
              "speed": "slow",
              "pass": true,
              "fail": false,
              "pending": false,
              "context": null,
              "code": "cy.contains(\"Log in\").click();",
              "err": {},
              "uuid": "14e2196e-35d9-4ad5-ab32-0b26ec548320",
              "parentUUID": "9ba0bea8-fead-417d-a319-0f6473945e2c",
              "isHook": false,
              "skipped": false
            }
          ],
          "suites": [],
          "passes": [
            "14e2196e-35d9-4ad5-ab32-0b26ec548320"
          ],
          "failures": [],
          "pending": [],
          "skipped": [],
          "duration": 9914,
          "root": false,
          "rootEmpty": false,
          "_timeout": 2000
        }
      ],
      "passes": [],
      "failures": [],
      "pending": [],
      "skipped": [],
      "duration": 0,
      "root": true,
      "rootEmpty": true,
      "_timeout": 2000
    }
  ],
  "meta": {
    "mocha": {
      "version": "7.0.1"
    },
    "mochawesome": {
      "options": {
        "quiet": false,
        "reportFilename": "report",
        "saveHtml": true,
        "saveJson": true,
        "consoleReporter": "spec",
        "useInlineDiffs": false,
        "code": true
      },
      "version": "6.2.2"
    },
    "marge": {
      "options": {
        "reportDir": "cypress/reports",
        "reportFilename": "report",
        "overwrite": false,
        "html": true,
        "json": true,
        "charts": true
      },
      "version": "5.2.0"
    }
  }
}