{
  "stats": {
    "suites": 1,
    "tests": 1,
    "passes": 1,
    "pending": 0,
    "failures": 0,
    "start": "2021-08-05T19:11:40.521Z",
    "end": "2021-08-05T19:12:16.484Z",
    "duration": 35963,
    "testsRegistered": 1,
    "passPercent": 100,
    "pendingPercent": 0,
    "other": 0,
    "hasOther": false,
    "skipped": 0,
    "hasSkipped": false
  },
  "results": [
    {
      "uuid": "af0c7519-5ed9-4cea-a9c7-0cc2e248f2f2",
      "title": "",
      "fullFile": "cypress/integration/com.techproed/day03_01_hoverover.js",
      "file": "cypress/integration/com.techproed/day03_01_hoverover.js",
      "beforeHooks": [],
      "afterHooks": [],
      "tests": [],
      "suites": [
        {
          "uuid": "dab5a8f9-2ab3-4153-924a-904a973d307a",
          "title": "hover over",
          "fullFile": "",
          "file": "",
          "beforeHooks": [],
          "afterHooks": [],
          "tests": [
            {
              "title": "move over",
              "fullTitle": "hover over move over",
              "timedOut": null,
              "duration": 33102,
              "state": "passed",
              "speed": "slow",
              "pass": true,
              "fail": false,
              "pending": false,
              "context": null,
              "code": "cy.visit(\"https://www.amazon.com/\");\ncy.get(\".icp-nav-link-inner > .nav-line-2 > .nav-icon\").trigger(\"mouseover\"); //bayraktaki ok kismina basilir\n//*trigger : mouse i hareket ettirir- once get() sonra trigger() click e gerek kalmiyor\n//*mouseover : yazilan locatore dogru mouse i hareket ettir demektir\n//change country/region\ncy.contains(\"Change country/region\").click(); //select Canada\n//cy.get('.a-dropdown-prompt').select('Canada')\n/*\n\n    <span class=\"a-dropdown-prompt\">United States</span>\n    yukaridaki locater bu tag icerinde geciyor.\n    Ancak cy.select() kodu kullanirken locaterlarin <span></span>\n    icerinde olmamasi lazim.\n    */\ncy.get(\"#icp-selected-country\").select(\"Canada\", {\n  force: true\n});\ncy.wait(6000); //dropdown elementleri acmak icin kullaniyoruz",
              "err": {},
              "uuid": "96215828-7699-49ad-929f-1bdac53f2d18",
              "parentUUID": "dab5a8f9-2ab3-4153-924a-904a973d307a",
              "isHook": false,
              "skipped": false
            }
          ],
          "suites": [],
          "passes": [
            "96215828-7699-49ad-929f-1bdac53f2d18"
          ],
          "failures": [],
          "pending": [],
          "skipped": [],
          "duration": 33102,
          "root": false,
          "rootEmpty": false,
          "_timeout": 2000
        }
      ],
      "passes": [],
      "failures": [],
      "pending": [],
      "skipped": [],
      "duration": 0,
      "root": true,
      "rootEmpty": true,
      "_timeout": 2000
    }
  ],
  "meta": {
    "mocha": {
      "version": "7.0.1"
    },
    "mochawesome": {
      "options": {
        "quiet": false,
        "reportFilename": "report",
        "saveHtml": true,
        "saveJson": true,
        "consoleReporter": "spec",
        "useInlineDiffs": false,
        "code": true
      },
      "version": "6.2.2"
    },
    "marge": {
      "options": {
        "reportDir": "cypress/reports",
        "reportFilename": "report",
        "overwrite": false,
        "html": true,
        "json": true,
        "charts": true
      },
      "version": "5.2.0"
    }
  }
}