{
  "stats": {
    "suites": 1,
    "tests": 1,
    "passes": 0,
    "pending": 0,
    "failures": 1,
    "start": "2021-08-04T18:10:28.817Z",
    "end": "2021-08-04T18:11:47.903Z",
    "duration": 79086,
    "testsRegistered": 1,
    "passPercent": 0,
    "pendingPercent": 0,
    "other": 0,
    "hasOther": false,
    "skipped": 0,
    "hasSkipped": false
  },
  "results": [
    {
      "uuid": "2654fa86-d839-4a80-bd48-42698b94171c",
      "title": "",
      "fullFile": "cypress/integration/com.techproed/day01_02_loginTest.js",
      "file": "cypress/integration/com.techproed/day01_02_loginTest.js",
      "beforeHooks": [],
      "afterHooks": [],
      "tests": [],
      "suites": [
        {
          "uuid": "6308b888-cbfa-4940-9b97-40263852ea49",
          "title": "Koala Resort Hotel",
          "fullFile": "",
          "file": "",
          "beforeHooks": [],
          "afterHooks": [],
          "tests": [
            {
              "title": "Test 1",
              "fullTitle": "Koala Resort Hotel Test 1",
              "timedOut": null,
              "duration": 76272,
              "state": "failed",
              "speed": null,
              "pass": false,
              "fail": true,
              "pending": false,
              "context": null,
              "code": "cy.visit(\"https://qa-environment.koalaresorthotels.com/\"); //describe: fonksiyonu tanimlar\n//visit (): seleniumdaki get() methodu gibi adrese gider\n//* login\n//1.yol\n//cy.get('#navLogon > .nav-link').click();\n//2.yol\ncy.contains(\"Log in\").click(); //contains () : metni text olarak buluyor\n//username :Manager\ncy.get(\"#UserName\").type(\"Manager\"); //selenium da; driver.findElement(By.cssSelector(\"#UserName\"))\n//password :Manager1!\ncy.get(\"#Password\").type(\"Manager1!\");\ncy.get(\"#btnSubmit\").click();",
              "err": {
                "message": "CypressError: Timed out after waiting `60000ms` for your remote page to load.\n\nYour page did not fire its `load` event within `60000ms`.\n\nYou can try increasing the `pageLoadTimeout` value in `cypress.json` to wait longer.\n\nBrowsers will not fire the `load` event until all stylesheets and scripts are done downloading.\n\nWhen this `load` event occurs, Cypress will continue running commands.",
                "estack": "CypressError: Timed out after waiting `60000ms` for your remote page to load.\n\nYour page did not fire its `load` event within `60000ms`.\n\nYou can try increasing the `pageLoadTimeout` value in `cypress.json` to wait longer.\n\nBrowsers will not fire the `load` event until all stylesheets and scripts are done downloading.\n\nWhen this `load` event occurs, Cypress will continue running commands.\n    at timedOutWaitingForPageLoad (https://qa-environment.koalaresorthotels.com/__cypress/runner/cypress_runner.js:139540:13)\n    at https://qa-environment.koalaresorthotels.com/__cypress/runner/cypress_runner.js:139836:16\n    at tryCatcher (https://qa-environment.koalaresorthotels.com/__cypress/runner/cypress_runner.js:10798:23)\n    at https://qa-environment.koalaresorthotels.com/__cypress/runner/cypress_runner.js:5920:41\n    at tryCatcher (https://qa-environment.koalaresorthotels.com/__cypress/runner/cypress_runner.js:10798:23)\n    at Promise._settlePromiseFromHandler (https://qa-environment.koalaresorthotels.com/__cypress/runner/cypress_runner.js:8733:31)\n    at Promise._settlePromise (https://qa-environment.koalaresorthotels.com/__cypress/runner/cypress_runner.js:8790:18)\n    at Promise._settlePromise0 (https://qa-environment.koalaresorthotels.com/__cypress/runner/cypress_runner.js:8835:10)\n    at Promise._settlePromises (https://qa-environment.koalaresorthotels.com/__cypress/runner/cypress_runner.js:8911:18)\n    at _drainQueueStep (https://qa-environment.koalaresorthotels.com/__cypress/runner/cypress_runner.js:5505:12)\n    at _drainQueue (https://qa-environment.koalaresorthotels.com/__cypress/runner/cypress_runner.js:5498:9)\n    at Async.../../node_modules/bluebird/js/release/async.js.Async._drainQueues (https://qa-environment.koalaresorthotels.com/__cypress/runner/cypress_runner.js:5514:5)\n    at Async.drainQueues (https://qa-environment.koalaresorthotels.com/__cypress/runner/cypress_runner.js:5384:14)",
                "diff": null
              },
              "uuid": "10c139cd-9f89-4f5d-9cdc-5416b8633e14",
              "parentUUID": "6308b888-cbfa-4940-9b97-40263852ea49",
              "isHook": false,
              "skipped": false
            }
          ],
          "suites": [],
          "passes": [],
          "failures": [
            "10c139cd-9f89-4f5d-9cdc-5416b8633e14"
          ],
          "pending": [],
          "skipped": [],
          "duration": 76272,
          "root": false,
          "rootEmpty": false,
          "_timeout": 2000
        }
      ],
      "passes": [],
      "failures": [],
      "pending": [],
      "skipped": [],
      "duration": 0,
      "root": true,
      "rootEmpty": true,
      "_timeout": 2000
    }
  ],
  "meta": {
    "mocha": {
      "version": "7.0.1"
    },
    "mochawesome": {
      "options": {
        "quiet": false,
        "reportFilename": "report",
        "saveHtml": true,
        "saveJson": true,
        "consoleReporter": "spec",
        "useInlineDiffs": false,
        "code": true
      },
      "version": "6.2.2"
    },
    "marge": {
      "options": {
        "reportDir": "cypress/reports",
        "reportFilename": "report",
        "overwrite": false,
        "html": true,
        "json": true,
        "charts": true
      },
      "version": "5.2.0"
    }
  }
}