{
  "stats": {
    "suites": 1,
    "tests": 2,
    "passes": 2,
    "pending": 0,
    "failures": 0,
    "start": "2021-08-04T18:10:16.217Z",
    "end": "2021-08-04T18:10:27.126Z",
    "duration": 10909,
    "testsRegistered": 2,
    "passPercent": 100,
    "pendingPercent": 0,
    "other": 0,
    "hasOther": false,
    "skipped": 0,
    "hasSkipped": false
  },
  "results": [
    {
      "uuid": "910e3772-fd09-4168-b0da-b9d03c281ae8",
      "title": "",
      "fullFile": "cypress/integration/com.techproed/day01_01_firstTest.js",
      "file": "cypress/integration/com.techproed/day01_01_firstTest.js",
      "beforeHooks": [],
      "afterHooks": [],
      "tests": [],
      "suites": [
        {
          "uuid": "ded7704d-9302-435a-a820-571e61d4666d",
          "title": "My First Test",
          "fullFile": "",
          "file": "",
          "beforeHooks": [],
          "afterHooks": [],
          "tests": [
            {
              "title": "URL Testi",
              "fullTitle": "My First Test URL Testi",
              "timedOut": null,
              "duration": 3857,
              "state": "passed",
              "speed": "slow",
              "pass": true,
              "fail": false,
              "pending": false,
              "context": null,
              "code": "//* testi tanimliyoruz @Test gibi..\n//*it('Testin ismi','test icin olusturulacak fonksiyonlar')\n//URL adresinden google var mi?\ncy.visit(\"https://www.google.com.tr/\"); // my-cypress-framework ara yuzune gidip testin oldugu klasoru tıkla yani run et  //seleniumdaki get()\n//*visit ('site adresi') siteye gider\ncy.url().should(\"include\", \"com\", \"//\");\ncy.url().should(\"include\", \"com\");\ncy.url().should(\"include\", \"www.google.com\"); //* url () : url testi icin kullanilir\n//*should('iceriyor mu', 'xxxx')",
              "err": {},
              "uuid": "65d3d8a4-7f04-4810-8c8c-16213e7fb857",
              "parentUUID": "ded7704d-9302-435a-a820-571e61d4666d",
              "isHook": false,
              "skipped": false
            },
            {
              "title": "Title Test",
              "fullTitle": "My First Test Title Test",
              "timedOut": null,
              "duration": 2065,
              "state": "passed",
              "speed": "slow",
              "pass": true,
              "fail": false,
              "pending": false,
              "context": null,
              "code": "//Title da Google Var mi?\ncy.visit(\"https://www.google.com/\");\ncy.title().should(\"eq\", \"Google\"); //Google in type da  Google case sensitive",
              "err": {},
              "uuid": "e7ab67d8-7dfb-4905-9144-90a2afeacc49",
              "parentUUID": "ded7704d-9302-435a-a820-571e61d4666d",
              "isHook": false,
              "skipped": false
            }
          ],
          "suites": [],
          "passes": [
            "65d3d8a4-7f04-4810-8c8c-16213e7fb857",
            "e7ab67d8-7dfb-4905-9144-90a2afeacc49"
          ],
          "failures": [],
          "pending": [],
          "skipped": [],
          "duration": 5922,
          "root": false,
          "rootEmpty": false,
          "_timeout": 2000
        }
      ],
      "passes": [],
      "failures": [],
      "pending": [],
      "skipped": [],
      "duration": 0,
      "root": true,
      "rootEmpty": true,
      "_timeout": 2000
    }
  ],
  "meta": {
    "mocha": {
      "version": "7.0.1"
    },
    "mochawesome": {
      "options": {
        "quiet": false,
        "reportFilename": "report",
        "saveHtml": true,
        "saveJson": true,
        "consoleReporter": "spec",
        "useInlineDiffs": false,
        "code": true
      },
      "version": "6.2.2"
    },
    "marge": {
      "options": {
        "reportDir": "cypress/reports",
        "reportFilename": "report",
        "overwrite": false,
        "html": true,
        "json": true,
        "charts": true
      },
      "version": "5.2.0"
    }
  }
}