{
  "stats": {
    "suites": 1,
    "tests": 1,
    "passes": 1,
    "pending": 0,
    "failures": 0,
    "start": "2021-08-05T19:15:44.538Z",
    "end": "2021-08-05T19:16:06.314Z",
    "duration": 21776,
    "testsRegistered": 1,
    "passPercent": 100,
    "pendingPercent": 0,
    "other": 0,
    "hasOther": false,
    "skipped": 0,
    "hasSkipped": false
  },
  "results": [
    {
      "uuid": "cf4645b4-bb49-4f58-b0b1-4202253ee2ed",
      "title": "",
      "fullFile": "cypress/integration/com.techproed/day08_POMTest.js",
      "file": "cypress/integration/com.techproed/day08_POMTest.js",
      "beforeHooks": [],
      "afterHooks": [],
      "tests": [],
      "suites": [
        {
          "uuid": "4980159d-fec4-4971-be47-7a6aad4918ad",
          "title": "Paylinn Bank",
          "fullFile": "",
          "file": "",
          "beforeHooks": [],
          "afterHooks": [],
          "tests": [
            {
              "title": "paylinn login test",
              "fullTitle": "Paylinn Bank paylinn login test",
              "timedOut": null,
              "duration": 19764,
              "state": "passed",
              "speed": "slow",
              "pass": true,
              "fail": false,
              "pending": false,
              "context": null,
              "code": "//?? homePage object olusturma\nconst homePage = new _HomePage.default(); //?? loginPage object olusturma\nconst loginPage = new _LoginPage.default(); //* Url e git\ncy.visit(\"https://www.paylinn.com/\"); //*Sign In e click\nhomePage.getSignInLink().click(); //*username gir\nloginPage.getUserNameBox().type(this.data.username); //*username girildigini dogrula\nloginPage.getUserNameBox().should(\"have.attr\", \"value\", this.data.username); //*password gir\nloginPage.getPasswordBox().type(this.data.password); //*password girildigini dogrula\nloginPage.getPasswordBox().should(\"have.attr\", \"value\", this.data.password); //*submit e tikla\nloginPage.getLoginButton().click(); //*giris yapildigini onayla\nloginPage.getWelcomeText().should(\"contain.text\", \"Welcome\"); //*giris yapildigini assert etme\nloginPage.getNavbarHeader().should(\"contain.text\", \"Welcome\").and(\"contain.text\", \"React\").and(\"contain.text\", \"Logout\").and(\"contain.text\", this.data.username);",
              "err": {},
              "uuid": "184a525d-cfdd-4c34-be91-37f92a16b74c",
              "parentUUID": "4980159d-fec4-4971-be47-7a6aad4918ad",
              "isHook": false,
              "skipped": false
            }
          ],
          "suites": [],
          "passes": [
            "184a525d-cfdd-4c34-be91-37f92a16b74c"
          ],
          "failures": [],
          "pending": [],
          "skipped": [],
          "duration": 19764,
          "root": false,
          "rootEmpty": false,
          "_timeout": 2000
        }
      ],
      "passes": [],
      "failures": [],
      "pending": [],
      "skipped": [],
      "duration": 0,
      "root": true,
      "rootEmpty": true,
      "_timeout": 2000
    }
  ],
  "meta": {
    "mocha": {
      "version": "7.0.1"
    },
    "mochawesome": {
      "options": {
        "quiet": false,
        "reportFilename": "report",
        "saveHtml": true,
        "saveJson": true,
        "consoleReporter": "spec",
        "useInlineDiffs": false,
        "code": true
      },
      "version": "6.2.2"
    },
    "marge": {
      "options": {
        "reportDir": "cypress/reports",
        "reportFilename": "report",
        "overwrite": false,
        "html": true,
        "json": true,
        "charts": true
      },
      "version": "5.2.0"
    }
  }
}