{
  "stats": {
    "suites": 1,
    "tests": 1,
    "passes": 1,
    "pending": 0,
    "failures": 0,
    "start": "2021-08-05T18:39:16.711Z",
    "end": "2021-08-05T18:39:35.656Z",
    "duration": 18945,
    "testsRegistered": 1,
    "passPercent": 100,
    "pendingPercent": 0,
    "other": 0,
    "hasOther": false,
    "skipped": 0,
    "hasSkipped": false
  },
  "results": [
    {
      "uuid": "cc62aa79-c5c2-44d8-a925-3a28799b624a",
      "title": "",
      "fullFile": "cypress/integration/com.techproed/day01_02_loginTest.js",
      "file": "cypress/integration/com.techproed/day01_02_loginTest.js",
      "beforeHooks": [],
      "afterHooks": [],
      "tests": [],
      "suites": [
        {
          "uuid": "3c98aba9-0a95-4d9b-bbed-7aaee86edd51",
          "title": "Koala Resort Hotel",
          "fullFile": "",
          "file": "",
          "beforeHooks": [],
          "afterHooks": [],
          "tests": [
            {
              "title": "Test 1",
              "fullTitle": "Koala Resort Hotel Test 1",
              "timedOut": null,
              "duration": 15800,
              "state": "passed",
              "speed": "slow",
              "pass": true,
              "fail": false,
              "pending": false,
              "context": null,
              "code": "cy.visit(\"https://qa-environment.koalaresorthotels.com/\"); //describe: fonksiyonu tanimlar\n//visit (): seleniumdaki get() methodu gibi adrese gider\n//* login\n//1.yol\n//cy.get('#navLogon > .nav-link').click();\n//2.yol\ncy.contains(\"Log in\").click(); //contains () : metni text olarak buluyor\n//username :Manager\ncy.get(\"#UserName\").type(\"Manager\"); //selenium da; driver.findElement(By.cssSelector(\"#UserName\"))\n//password :Manager1!\ncy.get(\"#Password\").type(\"Manager1!\");\ncy.get(\"#btnSubmit\").click();",
              "err": {},
              "uuid": "298c6d82-3441-46bc-ad8a-cf82046d2b75",
              "parentUUID": "3c98aba9-0a95-4d9b-bbed-7aaee86edd51",
              "isHook": false,
              "skipped": false
            }
          ],
          "suites": [],
          "passes": [
            "298c6d82-3441-46bc-ad8a-cf82046d2b75"
          ],
          "failures": [],
          "pending": [],
          "skipped": [],
          "duration": 15800,
          "root": false,
          "rootEmpty": false,
          "_timeout": 2000
        }
      ],
      "passes": [],
      "failures": [],
      "pending": [],
      "skipped": [],
      "duration": 0,
      "root": true,
      "rootEmpty": true,
      "_timeout": 2000
    }
  ],
  "meta": {
    "mocha": {
      "version": "7.0.1"
    },
    "mochawesome": {
      "options": {
        "quiet": false,
        "reportFilename": "report",
        "saveHtml": true,
        "saveJson": true,
        "consoleReporter": "spec",
        "useInlineDiffs": false,
        "code": true
      },
      "version": "6.2.2"
    },
    "marge": {
      "options": {
        "reportDir": "cypress/reports",
        "reportFilename": "report",
        "overwrite": false,
        "html": true,
        "json": true,
        "charts": true
      },
      "version": "5.2.0"
    }
  }
}